DATE: 03/12/2015       INTERNATIONAL CHERRY MACHINE COMPANY             PAGE   1
TIME: 21:08                SALARY INCREASE DETAIL REPORT             CHASE KNAPP

EMPLOYEE EMPLOYEE            OFFICE JOB   ANNUAL  PERC.    AMT             NEW  NUM    NAME                  NO   CODE  SALARY  INCR.  INCREASE         SALARY

 00001   ADAMSON               01   02   $ 40,000 3.0%  $1,200.00     $41,200.00

 00002   BAKER                 01   01   $ 50,000 3.0%  $1,500.00     $51,500.00

 00003   CARTWELL              10   02   $100,000 0.0%      $0.00    $100,000.00

 00004   DORSEY                03   04   $ 45,000 3.5%  $1,575.00     $46,575.00

 00005   HAMMOND               02   02   $ 50,000 2.5%  $1,250.00     $51,250.00

 00006   NOLTE                 02   02   $ 45,000 2.5%  $1,125.00     $46,125.00

 00007   REDFORD               01   06   $ 48,000 0.0%      $0.00     $48,000.00

 00008   JOHNKE                03   03   $ 55,000 3.0%  $1,650.00     $56,650.00

 00009   WHITE                 04   04   $ 59,000 2.5%  $1,475.00     $60,475.00

 00010   MARSHALL              04   03   $ 53,000 2.5%  $1,325.00     $54,325.00

 00011   EISEN                 05   01   $ 50,000 0.0%      $0.00     $50,000.00

 00012   SAGER                 06   01   $ 68,000 2.5%  $1,700.00     $69,700.00

 00013   STERN                 07   02   $ 68,000 4.0%  $2,720.00     $70,720.00

 00014   SUMMERS               08   01   $ 67,500 0.0%      $0.00     $67,500.00

 00015   JONES                 09   04   $ 40,000 0.0%      $0.00     $40,000.00

 00016   JOHNSON               11   03   $100,000 0.0%      $0.00    $100,000.00

 00017   NOLAN                 02   03   $ 44,750 2.5%  $1,118.75     $45,868.75

 00018   CANTWELL              02   02   $ 68,250 2.5%  $1,706.25     $69,956.25

 00019   SMITH                 02   01   $ 75,000 2.5%  $1,875.00     $76,875.00

 50020   HAMMEL                04   04   $ 59,100 2.5%  $1,477.50     $60,577.50

 50021   RAMIREZ               04   01   $ 57,043 2.5%  $1,426.07     $58,469.07

 50022   WASHINGTON            03   01   $ 47,308 3.5%  $1,655.78     $48,963.78

 50023   JAMES                 03   02   $ 45,716 3.5%  $1,600.06     $47,316.06

 50024   LYONS                 06   03   $ 65,202 2.5%  $1,630.05     $66,832.05

 50025   GREGORY               06   03   $ 67,190 2.5%  $1,679.75     $68,869.75

 50026   LINCOLN               07   03   $ 43,262 4.0%  $1,730.48     $44,992.48

 50027   NEWMAN                05   04   $ 46,531 2.5%  $1,163.27     $47,694.27

 50028   CARTWELL              08   01   $ 47,082 0.0%      $0.00     $47,082.00

 50029   DREYFUS               08   02   $ 83,108 0.0%      $0.00     $83,108.00

 50030   LOPEZ                 05   02   $ 92,018 2.5%  $2,300.45     $94,318.45

 50031   FRANKLIN              04   03   $ 44,521 2.5%  $1,113.02     $45,634.02

 50032   FORTE                 03   01   $ 43,972 3.5%  $1,539.02     $45,511.02

 50033   BYRON                 08   02   $ 55,601 0.0%      $0.00     $55,601.00

 50034   KEATS                 03   03   $ 43,894 3.0%  $1,316.82     $45,210.82

 50035   SOMTER                03   04   $ 71,613 3.5%  $2,506.45     $74,119.45

 50036   PITERIS               02   02   $ 45,000 2.5%  $1,125.00     $46,125.00

 50037   SIMOS                 04   01   $ 68,900 2.5%  $1,722.50     $70,622.50

 50038   ASHLEY                04   01   $ 75,800 2.5%  $1,895.00     $77,695.00

 50039   BUTTERFIELD           08   01   $ 43,200 0.0%      $0.00     $43,200.00

 50040   CALIOPIS              03   03   $ 96,000 3.0%  $2,880.00     $98,880.00

 50041   DESEREY               02   03   $ 85,000 2.5%  $2,125.00     $87,125.00

 50042   FIELDSON              01   03   $ 52,300 0.0%      $0.00     $52,300.00

 50043   GALAGHER              08   04   $ 89,000 0.0%      $0.00     $89,000.00

 50044   HOUSTONS              09   04   $ 52,000 0.0%      $0.00     $52,000.00

 50045   JACKSON               02   02   $ 87,000 2.5%  $2,175.00     $89,175.00

 50046   KENDERSON             02   02   $ 36,000 2.5%    $900.00     $36,900.00

 50047   LIPSTERS              02   04   $ 68,500 2.5%  $1,712.50     $70,212.50

 50048   MANATARIS             04   04   $ 40,000 2.5%  $1,000.00     $41,000.00

 50049   NICHOLSON             05   03   $ 55,500 0.0%      $0.00     $55,500.00

 50050   OBERTON               06   03   $ 75,000 2.5%  $1,875.00     $76,875.00

 50051   PETERS                06   03   $ 63,000 2.5%  $1,575.00     $64,575.00

 50052   ROBERTS               06   02   $ 65,200 2.5%  $1,630.00     $66,830.00

 50053   SERGIS                09   01   $ 87,000 0.0%      $0.00     $87,000.00

 50054   TUCKERSON             01   01   $ 65,000 3.0%  $1,950.00     $66,950.00

 50055   VRICOLICSON           02   04   $ 50,000 2.5%  $1,250.00     $51,250.00

 50056   MACALUSO              02   03   $ 75,800 2.5%  $1,895.00     $77,695.00

 50057   KORNS                 03   03   $ 60,000 3.0%  $1,800.00     $61,800.00

 50058   OKINS                 04   78   $ 75,600 2.5%  $1,890.00     $77,490.00

 50059   FRIEDMAN              05   45   $ 89,500 2.5%  $2,237.50     $91,737.50

 50060   SANTOS                05   78   $ 47,100 2.5%  $1,177.50     $48,277.50

 00061   ANDOLINI              04   12   $ 55,300 2.5%  $1,382.50     $56,682.50

 00062   RUTH                  08   12   $ 50,000 0.0%      $0.00     $50,000.00

 00063   APPLESEED             03   12   $ 90,800 3.5%  $3,178.00     $93,978.00

 00064   RIVERA                02   78   $ 88,623 2.5%  $2,215.57     $90,838.57

 00065   RIVERSON              01   78   $ 52,900 0.0%      $0.00     $52,900.00

                        TOTALS         $4,024,684      $80,949.79  $4,105,633.79